This is pdfTeX, Version 3.14159265-2.6-1.40.20 (TeX Live 2019/W32TeX) (preloaded format=pdflatex 2019.11.6)  7 NOV 2019 19:00
entering extended mode
 restricted \write18 enabled.
 %&-line parsing enabled.
**handout.tex
(./handout.tex
LaTeX2e <2019-10-01> patch level 1
(./krantz.cls
Document Class: krantz 2005/09/16 v1.4f Standard LaTeX document class
(c:/Users/cmc/AppData/Roaming/TinyTeX/texmf-dist/tex/latex/base/bk10.clo
File: bk10.clo 2019/08/27 v1.4j Standard LaTeX file (size option)
)
\trimheight=\dimen102
\trimwidth=\dimen103
\normaltextheight=\dimen104
\tempa=\dimen105
\tempdimen=\dimen106
\htrim=\dimen107
\vtrimtop=\dimen108
\vtrimbot=\dimen109
\ul@box=\box27
\ur@box=\box28
\ll@box=\box29
\lr@box=\box30
\@cipboxa=\box31
\@cipboxb=\box32
\@ciprulewidth=\dimen110
\c@part=\count80
\c@chapter=\count81
\c@section=\count82
\c@subsection=\count83
\c@subsubsection=\count84
\c@paragraph=\count85
\c@subparagraph=\count86
\secwd=\dimen111
\subsecwd=\dimen112
\subsubsecwd=\dimen113
\c@figure=\count87
\c@table=\count88
\abovecaptionskip=\skip41
\belowcaptionskip=\skip42
\c@numauthors=\count89
\section@toc@skip=\skip43
\SectionTOCWidth=\skip44
\subsection@toc@skip=\skip45
\SubSectionTOCWidth=\skip46
\subsubsection@toc@skip=\skip47
\SubSubSectionTOCWidth=\skip48
\paragraph@toc@skip=\skip49
\ParagraphTOCWidth=\skip50
\subparagraph@toc@skip=\skip51
\@AUonebox=\box33
\@AUtwobox=\box34
\@AUthreebox=\box35
\@AUfourbox=\box36
\@AUaffonebox=\box37
\@AUafftwobox=\box38
\@AUaffthreebox=\box39
\@AUafffourbox=\box40
\@finalAUboxfromone=\box41
\@finalAUboxfromtwo=\box42
\@finalAUboxfromthree=\box43
\@finalAUboxfromfour=\box44
\c@chaptocdepth=\count90
\bibindent=\dimen114
\tempbox=\box45
\nomenwidth=\dimen115
\@tablebox=\box46
\@tabletitlebox=\box47
\@tablewidth=\dimen116
\@tabletitlewidth=\dimen117
\max@tablewidth=\dimen118
\tempbox=\box48
\tempdimen=\dimen119
\tempbox=\box49
\notewidth=\dimen120
\wherebox=\box50
\wherewidth=\dimen121
\listtextleftmargin=\skip52
\listtextleftmarginii=\skip53
\listtextleftmarginiii=\skip54
\listtextrightmargin=\skip55
\listlabelleftskip=\skip56
\listlabelleftskipii=\skip57
\listlabelleftskipiii=\skip58
\abovelistskipi=\skip59
\belowlistskipi=\skip60
\abovelistskipii=\skip61
\belowlistskipii=\skip62
\abovelistskipiii=\skip63
\belowlistskipiii=\skip64
\labelsepi=\skip65
\labelsepii=\skip66
\labelsepiii=\skip67
\itemsepi=\skip68
\itemsepii=\skip69
\itemsepiii=\skip70
\enumdimwd=\dimen122
\enumdim=\dimen123
\concolwidth=\dimen124
\stempbox=\box51
) (c:/Users/cmc/AppData/Roaming/TinyTeX/texmf-dist/tex/latex/lm/lmodern.sty
Package: lmodern 2009/10/30 v1.6 Latin Modern Fonts
LaTeX Font Info:    Overwriting symbol font `operators' in version `normal'
(Font)                  OT1/cmr/m/n --> OT1/lmr/m/n on input line 22.
LaTeX Font Info:    Overwriting symbol font `letters' in version `normal'
(Font)                  OML/cmm/m/it --> OML/lmm/m/it on input line 23.
LaTeX Font Info:    Overwriting symbol font `symbols' in version `normal'
(Font)                  OMS/cmsy/m/n --> OMS/lmsy/m/n on input line 24.
LaTeX Font Info:    Overwriting symbol font `largesymbols' in version `normal'
(Font)                  OMX/cmex/m/n --> OMX/lmex/m/n on input line 25.
LaTeX Font Info:    Overwriting symbol font `operators' in version `bold'
(Font)                  OT1/cmr/bx/n --> OT1/lmr/bx/n on input line 26.
LaTeX Font Info:    Overwriting symbol font `letters' in version `bold'
(Font)                  OML/cmm/b/it --> OML/lmm/b/it on input line 27.
LaTeX Font Info:    Overwriting symbol font `symbols' in version `bold'
(Font)                  OMS/cmsy/b/n --> OMS/lmsy/b/n on input line 28.
LaTeX Font Info:    Overwriting symbol font `largesymbols' in version `bold'
(Font)                  OMX/cmex/m/n --> OMX/lmex/m/n on input line 29.
LaTeX Font Info:    Overwriting math alphabet `\mathbf' in version `normal'
(Font)                  OT1/cmr/bx/n --> OT1/lmr/bx/n on input line 31.
LaTeX Font Info:    Overwriting math alphabet `\mathsf' in version `normal'
(Font)                  OT1/cmss/m/n --> OT1/lmss/m/n on input line 32.
LaTeX Font Info:    Overwriting math alphabet `\mathit' in version `normal'
(Font)                  OT1/cmr/m/it --> OT1/lmr/m/it on input line 33.
LaTeX Font Info:    Overwriting math alphabet `\mathtt' in version `normal'
(Font)                  OT1/cmtt/m/n --> OT1/lmtt/m/n on input line 34.
LaTeX Font Info:    Overwriting math alphabet `\mathbf' in version `bold'
(Font)                  OT1/cmr/bx/n --> OT1/lmr/bx/n on input line 35.
LaTeX Font Info:    Overwriting math alphabet `\mathsf' in version `bold'
(Font)                  OT1/cmss/bx/n --> OT1/lmss/bx/n on input line 36.
LaTeX Font Info:    Overwriting math alphabet `\mathit' in version `bold'
(Font)                  OT1/cmr/bx/it --> OT1/lmr/bx/it on input line 37.
LaTeX Font Info:    Overwriting math alphabet `\mathtt' in version `bold'
(Font)                  OT1/cmtt/m/n --> OT1/lmtt/m/n on input line 38.
)
(c:/Users/cmc/AppData/Roaming/TinyTeX/texmf-dist/tex/latex/amsfonts/amssymb.sty
Package: amssymb 2013/01/14 v3.01 AMS font symbols

(c:/Users/cmc/AppData/Roaming/TinyTeX/texmf-dist/tex/latex/amsfonts/amsfonts.st
y
Package: amsfonts 2013/01/14 v3.01 Basic AMSFonts support
\@emptytoks=\toks14
\symAMSa=\mathgroup4
\symAMSb=\mathgroup5
LaTeX Font Info:    Redeclaring math symbol \hbar on input line 98.
LaTeX Font Info:    Overwriting math alphabet `\mathfrak' in version `bold'
(Font)                  U/euf/m/n --> U/euf/b/n on input line 106.
)) (c:/Users/cmc/AppData/Roaming/TinyTeX/texmf-dist/tex/latex/amsmath/amsmath.s
ty
Package: amsmath 2019/04/01 v2.17c AMS math features
\@mathmargin=\skip71
For additional information on amsmath, use the `?' option.
(c:/Users/cmc/AppData/Roaming/TinyTeX/texmf-dist/tex/latex/amsmath/amstext.sty
Package: amstext 2000/06/29 v2.01 AMS text
(c:/Users/cmc/AppData/Roaming/TinyTeX/texmf-dist/tex/latex/amsmath/amsgen.sty
File: amsgen.sty 1999/11/30 v2.0 generic functions
\@emptytoks=\toks15
\ex@=\dimen125
)) (c:/Users/cmc/AppData/Roaming/TinyTeX/texmf-dist/tex/latex/amsmath/amsbsy.st
y
Package: amsbsy 1999/11/29 v1.2d Bold Symbols
\pmbraise@=\dimen126
) (c:/Users/cmc/AppData/Roaming/TinyTeX/texmf-dist/tex/latex/amsmath/amsopn.sty
Package: amsopn 2016/03/08 v2.02 operator names
)
\inf@bad=\count91
LaTeX Info: Redefining \frac on input line 227.
\uproot@=\count92
\leftroot@=\count93
LaTeX Info: Redefining \overline on input line 389.
\classnum@=\count94
\DOTSCASE@=\count95
LaTeX Info: Redefining \ldots on input line 486.
LaTeX Info: Redefining \dots on input line 489.
LaTeX Info: Redefining \cdots on input line 610.
\Mathstrutbox@=\box52
\strutbox@=\box53
\big@size=\dimen127
LaTeX Font Info:    Redeclaring font encoding OML on input line 733.
LaTeX Font Info:    Redeclaring font encoding OMS on input line 734.
\macc@depth=\count96
\c@MaxMatrixCols=\count97
\dotsspace@=\muskip10
\c@parentequation=\count98
\dspbrk@lvl=\count99
\tag@help=\toks16
\row@=\count100
\column@=\count101
\maxfields@=\count102
\andhelp@=\toks17
\eqnshift@=\dimen128
\alignsep@=\dimen129
\tagshift@=\dimen130
\tagwidth@=\dimen131
\totwidth@=\dimen132
\lineht@=\dimen133
\@envbody=\toks18
\multlinegap=\skip72
\multlinetaggap=\skip73
\mathdisplay@stack=\toks19
LaTeX Info: Redefining \[ on input line 2855.
LaTeX Info: Redefining \] on input line 2856.
) (c:/Users/cmc/AppData/Roaming/TinyTeX/texmf-dist/tex/generic/iftex/ifxetex.st
y
Package: ifxetex 2019/10/25 v0.7 ifxetex legacy package. Use iftex instead.
(c:/Users/cmc/AppData/Roaming/TinyTeX/texmf-dist/tex/generic/iftex/iftex.sty
Package: iftex 2019/10/24 v1.0a TeX engine tests
))
(c:/Users/cmc/AppData/Roaming/TinyTeX/texmf-dist/tex/generic/iftex/ifluatex.sty
Package: ifluatex 2019/10/25 v1.5 ifluatex legacy package. Use iftex instead.
) (c:/Users/cmc/AppData/Roaming/TinyTeX/texmf-dist/tex/latex/base/fontenc.sty
Package: fontenc 2018/08/11 v2.0j Standard LaTeX package
(c:/Users/cmc/AppData/Roaming/TinyTeX/texmf-dist/tex/latex/base/t1enc.def
File: t1enc.def 2018/08/11 v2.0j Standard LaTeX file
LaTeX Font Info:    Redeclaring font encoding T1 on input line 48.
)) (c:/Users/cmc/AppData/Roaming/TinyTeX/texmf-dist/tex/latex/base/inputenc.sty
Package: inputenc 2018/08/11 v1.3c Input encoding file
\inpenc@prehook=\toks20
\inpenc@posthook=\toks21
) (c:/Users/cmc/AppData/Roaming/TinyTeX/texmf-dist/tex/latex/base/textcomp.sty
Package: textcomp 2018/08/11 v2.0j Standard LaTeX package
Package textcomp Info: Sub-encoding information:
(textcomp)               5 = only ISO-Adobe without \textcurrency
(textcomp)               4 = 5 + \texteuro
(textcomp)               3 = 4 + \textohm
(textcomp)               2 = 3 + \textestimated + \textcurrency
(textcomp)               1 = TS1 - \textcircled - \t
(textcomp)               0 = TS1 (full)
(textcomp)             Font families with sub-encoding setting implement
(textcomp)             only a restricted character set as indicated.
(textcomp)             Family '?' is the default used for unknown fonts.
(textcomp)             See the documentation for details.
Package textcomp Info: Setting ? sub-encoding to TS1/1 on input line 79.
(c:/Users/cmc/AppData/Roaming/TinyTeX/texmf-dist/tex/latex/base/ts1enc.def
File: ts1enc.def 2001/06/05 v3.0e (jk/car/fm) Standard LaTeX file
Now handling font encoding TS1 ...
... processing UTF-8 mapping file for font encoding TS1
(c:/Users/cmc/AppData/Roaming/TinyTeX/texmf-dist/tex/latex/base/ts1enc.dfu
File: ts1enc.dfu 2019/07/11 v1.2j UTF-8 support for inputenc
   defining Unicode char U+00A2 (decimal 162)
   defining Unicode char U+00A3 (decimal 163)
   defining Unicode char U+00A4 (decimal 164)
   defining Unicode char U+00A5 (decimal 165)
   defining Unicode char U+00A6 (decimal 166)
   defining Unicode char U+00A7 (decimal 167)
   defining Unicode char U+00A8 (decimal 168)
   defining Unicode char U+00A9 (decimal 169)
   defining Unicode char U+00AA (decimal 170)
   defining Unicode char U+00AC (decimal 172)
   defining Unicode char U+00AE (decimal 174)
   defining Unicode char U+00AF (decimal 175)
   defining Unicode char U+00B0 (decimal 176)
   defining Unicode char U+00B1 (decimal 177)
   defining Unicode char U+00B2 (decimal 178)
   defining Unicode char U+00B3 (decimal 179)
   defining Unicode char U+00B4 (decimal 180)
   defining Unicode char U+00B5 (decimal 181)
   defining Unicode char U+00B6 (decimal 182)
   defining Unicode char U+00B7 (decimal 183)
   defining Unicode char U+00B9 (decimal 185)
   defining Unicode char U+00BA (decimal 186)
   defining Unicode char U+00BC (decimal 188)
   defining Unicode char U+00BD (decimal 189)
   defining Unicode char U+00BE (decimal 190)
   defining Unicode char U+00D7 (decimal 215)
   defining Unicode char U+00F7 (decimal 247)
   defining Unicode char U+0192 (decimal 402)
   defining Unicode char U+02C7 (decimal 711)
   defining Unicode char U+02D8 (decimal 728)
   defining Unicode char U+02DD (decimal 733)
   defining Unicode char U+0E3F (decimal 3647)
   defining Unicode char U+2016 (decimal 8214)
   defining Unicode char U+2020 (decimal 8224)
   defining Unicode char U+2021 (decimal 8225)
   defining Unicode char U+2022 (decimal 8226)
   defining Unicode char U+2030 (decimal 8240)
   defining Unicode char U+2031 (decimal 8241)
   defining Unicode char U+203B (decimal 8251)
   defining Unicode char U+203D (decimal 8253)
   defining Unicode char U+2044 (decimal 8260)
   defining Unicode char U+204E (decimal 8270)
   defining Unicode char U+2052 (decimal 8274)
   defining Unicode char U+20A1 (decimal 8353)
   defining Unicode char U+20A4 (decimal 8356)
   defining Unicode char U+20A6 (decimal 8358)
   defining Unicode char U+20A9 (decimal 8361)
   defining Unicode char U+20AB (decimal 8363)
   defining Unicode char U+20AC (decimal 8364)
   defining Unicode char U+20B1 (decimal 8369)
   defining Unicode char U+2103 (decimal 8451)
   defining Unicode char U+2116 (decimal 8470)
   defining Unicode char U+2117 (decimal 8471)
   defining Unicode char U+211E (decimal 8478)
   defining Unicode char U+2120 (decimal 8480)
   defining Unicode char U+2122 (decimal 8482)
   defining Unicode char U+2126 (decimal 8486)
   defining Unicode char U+2127 (decimal 8487)
   defining Unicode char U+212E (decimal 8494)
   defining Unicode char U+2190 (decimal 8592)
   defining Unicode char U+2191 (decimal 8593)
   defining Unicode char U+2192 (decimal 8594)
   defining Unicode char U+2193 (decimal 8595)
   defining Unicode char U+2329 (decimal 9001)
   defining Unicode char U+232A (decimal 9002)
   defining Unicode char U+2422 (decimal 9250)
   defining Unicode char U+25E6 (decimal 9702)
   defining Unicode char U+25EF (decimal 9711)
   defining Unicode char U+266A (decimal 9834)
   defining Unicode char U+27E8 (decimal 10216)
   defining Unicode char U+27E9 (decimal 10217)
   defining Unicode char U+FEFF (decimal 65279)
))
LaTeX Info: Redefining \oldstylenums on input line 334.
Package textcomp Info: Setting cmr sub-encoding to TS1/0 on input line 349.
Package textcomp Info: Setting cmss sub-encoding to TS1/0 on input line 350.
Package textcomp Info: Setting cmtt sub-encoding to TS1/0 on input line 351.
Package textcomp Info: Setting cmvtt sub-encoding to TS1/0 on input line 352.
Package textcomp Info: Setting cmbr sub-encoding to TS1/0 on input line 353.
Package textcomp Info: Setting cmtl sub-encoding to TS1/0 on input line 354.
Package textcomp Info: Setting ccr sub-encoding to TS1/0 on input line 355.
Package textcomp Info: Setting ptm sub-encoding to TS1/4 on input line 356.
Package textcomp Info: Setting pcr sub-encoding to TS1/4 on input line 357.
Package textcomp Info: Setting phv sub-encoding to TS1/4 on input line 358.
Package textcomp Info: Setting ppl sub-encoding to TS1/3 on input line 359.
Package textcomp Info: Setting pag sub-encoding to TS1/4 on input line 360.
Package textcomp Info: Setting pbk sub-encoding to TS1/4 on input line 361.
Package textcomp Info: Setting pnc sub-encoding to TS1/4 on input line 362.
Package textcomp Info: Setting pzc sub-encoding to TS1/4 on input line 363.
Package textcomp Info: Setting bch sub-encoding to TS1/4 on input line 364.
Package textcomp Info: Setting put sub-encoding to TS1/5 on input line 365.
Package textcomp Info: Setting uag sub-encoding to TS1/5 on input line 366.
Package textcomp Info: Setting ugq sub-encoding to TS1/5 on input line 367.
Package textcomp Info: Setting ul8 sub-encoding to TS1/4 on input line 368.
Package textcomp Info: Setting ul9 sub-encoding to TS1/4 on input line 369.
Package textcomp Info: Setting augie sub-encoding to TS1/5 on input line 370.
Package textcomp Info: Setting dayrom sub-encoding to TS1/3 on input line 371.
Package textcomp Info: Setting dayroms sub-encoding to TS1/3 on input line 372.

Package textcomp Info: Setting pxr sub-encoding to TS1/0 on input line 373.
Package textcomp Info: Setting pxss sub-encoding to TS1/0 on input line 374.
Package textcomp Info: Setting pxtt sub-encoding to TS1/0 on input line 375.
Package textcomp Info: Setting txr sub-encoding to TS1/0 on input line 376.
Package textcomp Info: Setting txss sub-encoding to TS1/0 on input line 377.
Package textcomp Info: Setting txtt sub-encoding to TS1/0 on input line 378.
Package textcomp Info: Setting lmr sub-encoding to TS1/0 on input line 379.
Package textcomp Info: Setting lmdh sub-encoding to TS1/0 on input line 380.
Package textcomp Info: Setting lmss sub-encoding to TS1/0 on input line 381.
Package textcomp Info: Setting lmssq sub-encoding to TS1/0 on input line 382.
Package textcomp Info: Setting lmvtt sub-encoding to TS1/0 on input line 383.
Package textcomp Info: Setting lmtt sub-encoding to TS1/0 on input line 384.
Package textcomp Info: Setting qhv sub-encoding to TS1/0 on input line 385.
Package textcomp Info: Setting qag sub-encoding to TS1/0 on input line 386.
Package textcomp Info: Setting qbk sub-encoding to TS1/0 on input line 387.
Package textcomp Info: Setting qcr sub-encoding to TS1/0 on input line 388.
Package textcomp Info: Setting qcs sub-encoding to TS1/0 on input line 389.
Package textcomp Info: Setting qpl sub-encoding to TS1/0 on input line 390.
Package textcomp Info: Setting qtm sub-encoding to TS1/0 on input line 391.
Package textcomp Info: Setting qzc sub-encoding to TS1/0 on input line 392.
Package textcomp Info: Setting qhvc sub-encoding to TS1/0 on input line 393.
Package textcomp Info: Setting futs sub-encoding to TS1/4 on input line 394.
Package textcomp Info: Setting futx sub-encoding to TS1/4 on input line 395.
Package textcomp Info: Setting futj sub-encoding to TS1/4 on input line 396.
Package textcomp Info: Setting hlh sub-encoding to TS1/3 on input line 397.
Package textcomp Info: Setting hls sub-encoding to TS1/3 on input line 398.
Package textcomp Info: Setting hlst sub-encoding to TS1/3 on input line 399.
Package textcomp Info: Setting hlct sub-encoding to TS1/5 on input line 400.
Package textcomp Info: Setting hlx sub-encoding to TS1/5 on input line 401.
Package textcomp Info: Setting hlce sub-encoding to TS1/5 on input line 402.
Package textcomp Info: Setting hlcn sub-encoding to TS1/5 on input line 403.
Package textcomp Info: Setting hlcw sub-encoding to TS1/5 on input line 404.
Package textcomp Info: Setting hlcf sub-encoding to TS1/5 on input line 405.
Package textcomp Info: Setting pplx sub-encoding to TS1/3 on input line 406.
Package textcomp Info: Setting pplj sub-encoding to TS1/3 on input line 407.
Package textcomp Info: Setting ptmx sub-encoding to TS1/4 on input line 408.
Package textcomp Info: Setting ptmj sub-encoding to TS1/4 on input line 409.
) (c:/Users/cmc/AppData/Roaming/TinyTeX/texmf-dist/tex/latex/upquote/upquote.st
y
Package: upquote 2012/04/19 v1.3 upright-quote and grave-accent glyphs in verba
tim
) (c:/Users/cmc/AppData/Roaming/TinyTeX/texmf-dist/tex/latex/parskip/parskip.st
y
Package: parskip 2019-01-16 v2.0c non-zero parskip adjustments

(c:/Users/cmc/AppData/Roaming/TinyTeX/texmf-dist/tex/latex/oberdiek/kvoptions.s
ty
Package: kvoptions 2016/05/16 v3.12 Key value format for package options (HO)
(c:/Users/cmc/AppData/Roaming/TinyTeX/texmf-dist/tex/latex/graphics/keyval.sty
Package: keyval 2014/10/28 v1.15 key=value parser (DPC)
\KV@toks@=\toks22
)
(c:/Users/cmc/AppData/Roaming/TinyTeX/texmf-dist/tex/generic/oberdiek/ltxcmds.s
ty
Package: ltxcmds 2016/05/16 v1.23 LaTeX kernel commands for general use (HO)
)
(c:/Users/cmc/AppData/Roaming/TinyTeX/texmf-dist/tex/generic/oberdiek/kvsetkeys
.sty
Package: kvsetkeys 2016/05/16 v1.17 Key value parser (HO)

(c:/Users/cmc/AppData/Roaming/TinyTeX/texmf-dist/tex/generic/oberdiek/infwarerr
.sty
Package: infwarerr 2016/05/16 v1.4 Providing info/warning/error messages (HO)
)
(c:/Users/cmc/AppData/Roaming/TinyTeX/texmf-dist/tex/generic/oberdiek/etexcmds.
sty
Package: etexcmds 2016/05/16 v1.6 Avoid name clashes with e-TeX commands (HO)
)))
(c:/Users/cmc/AppData/Roaming/TinyTeX/texmf-dist/tex/latex/etoolbox/etoolbox.st
y
Package: etoolbox 2019/09/21 v2.5h e-TeX tools for LaTeX (JAW)
\etb@tempcnta=\count103
)) (c:/Users/cmc/AppData/Roaming/TinyTeX/texmf-dist/tex/latex/xcolor/xcolor.sty
Package: xcolor 2016/05/11 v2.12 LaTeX color extensions (UK)

(c:/Users/cmc/AppData/Roaming/TinyTeX/texmf-dist/tex/latex/graphics-cfg/color.c
fg
File: color.cfg 2016/01/02 v1.6 sample color configuration
)
Package xcolor Info: Driver file: pdftex.def on input line 225.

(c:/Users/cmc/AppData/Roaming/TinyTeX/texmf-dist/tex/latex/graphics-def/pdftex.
def
File: pdftex.def 2018/01/08 v1.0l Graphics/color driver for pdftex
)
Package xcolor Info: Model `cmy' substituted by `cmy0' on input line 1348.
Package xcolor Info: Model `hsb' substituted by `rgb' on input line 1352.
Package xcolor Info: Model `RGB' extended on input line 1364.
Package xcolor Info: Model `HTML' substituted by `rgb' on input line 1366.
Package xcolor Info: Model `Hsb' substituted by `hsb' on input line 1367.
Package xcolor Info: Model `tHsb' substituted by `hsb' on input line 1368.
Package xcolor Info: Model `HSB' substituted by `hsb' on input line 1369.
Package xcolor Info: Model `Gray' substituted by `gray' on input line 1370.
Package xcolor Info: Model `wave' substituted by `hsb' on input line 1371.

(c:/Users/cmc/AppData/Roaming/TinyTeX/texmf-dist/tex/latex/graphics/dvipsnam.de
f
File: dvipsnam.def 2016/06/17 v3.0m Driver-dependent file (DPC,SPQR)
) (c:/Users/cmc/AppData/Roaming/TinyTeX/texmf-dist/tex/latex/xcolor/svgnam.def
File: svgnam.def 2016/05/11 v2.12 Predefined colors according to SVG 1.1 (UK)
) (c:/Users/cmc/AppData/Roaming/TinyTeX/texmf-dist/tex/latex/xcolor/x11nam.def
File: x11nam.def 2016/05/11 v2.12 Predefined colors according to Unix/X11 (UK)
))
(c:/Users/cmc/AppData/Roaming/TinyTeX/texmf-dist/tex/latex/oberdiek/bookmark.st
y
Package: bookmark 2019/06/04 v1.27 PDF bookmarks (HO)

(c:/Users/cmc/AppData/Roaming/TinyTeX/texmf-dist/tex/generic/oberdiek/pdfescape
.sty
Package: pdfescape 2016/05/16 v1.14 Implements pdfTeX's escape features (HO)

(c:/Users/cmc/AppData/Roaming/TinyTeX/texmf-dist/tex/generic/oberdiek/pdftexcmd
s.sty
Package: pdftexcmds 2019/07/25 v0.30 Utility functions of pdfTeX for LuaTeX (HO
)
(c:/Users/cmc/AppData/Roaming/TinyTeX/texmf-dist/tex/generic/iftex/ifpdf.sty
Package: ifpdf 2019/10/25 v3.4 ifpdf legacy package. Use iftex instead.
)
Package pdftexcmds Info: LuaTeX not detected.
Package pdftexcmds Info: \pdf@primitive is available.
Package pdftexcmds Info: \pdf@ifprimitive is available.
Package pdftexcmds Info: \pdfdraftmode found.
)) (c:/Users/cmc/AppData/Roaming/TinyTeX/texmf-dist/tex/generic/iftex/ifvtex.st
y
Package: ifvtex 2019/10/25 v1.7 ifvtex legacy package. Use iftex instead.
)
(c:/Users/cmc/AppData/Roaming/TinyTeX/texmf-dist/tex/latex/hyperref/hyperref.st
y
Package: hyperref 2019/09/28 v7.00a Hypertext links for LaTeX

(c:/Users/cmc/AppData/Roaming/TinyTeX/texmf-dist/tex/generic/oberdiek/hobsub-hy
perref.sty
Package: hobsub-hyperref 2019/10/27
hobsub not currently supported, see hobsub.dtx to extract original code

(c:/Users/cmc/AppData/Roaming/TinyTeX/texmf-dist/tex/generic/oberdiek/kvdefinek
eys.sty
Package: kvdefinekeys 2016/05/16 v1.4 Define keys (HO)
)
(c:/Users/cmc/AppData/Roaming/TinyTeX/texmf-dist/tex/latex/oberdiek/hycolor.sty
Package: hycolor 2016/05/16 v1.8 Color options for hyperref/bookmark (HO)

(c:/Users/cmc/AppData/Roaming/TinyTeX/texmf-dist/tex/latex/oberdiek/xcolor-patc
h.sty
Package: xcolor-patch 2016/05/16 xcolor patch

(c:/Users/cmc/AppData/Roaming/TinyTeX/texmf-dist/tex/latex/oberdiek/hopatch.sty
Package: hopatch 2016/05/16 v1.3 Wrapper for package hooks (HO)
)))
(c:/Users/cmc/AppData/Roaming/TinyTeX/texmf-dist/tex/latex/oberdiek/letltxmacro
.sty
Package: letltxmacro 2016/05/16 v1.5 Let assignment for LaTeX macros (HO)
))
(c:/Users/cmc/AppData/Roaming/TinyTeX/texmf-dist/tex/latex/oberdiek/auxhook.sty
Package: auxhook 2016/05/16 v1.4 Hooks for auxiliary files (HO)
)
\@linkdim=\dimen134
\Hy@linkcounter=\count104
\Hy@pagecounter=\count105
(c:/Users/cmc/AppData/Roaming/TinyTeX/texmf-dist/tex/latex/hyperref/pd1enc.def
File: pd1enc.def 2019/09/28 v7.00a Hyperref: PDFDocEncoding definition (HO)
Now handling font encoding PD1 ...
... no UTF-8 mapping file for font encoding PD1
)
(c:/Users/cmc/AppData/Roaming/TinyTeX/texmf-dist/tex/generic/oberdiek/intcalc.s
ty
Package: intcalc 2016/05/16 v1.2 Expandable calculations with integers (HO)
)
\Hy@SavedSpaceFactor=\count106

(c:/Users/cmc/AppData/Roaming/TinyTeX/texmf-dist/tex/latex/latexconfig/hyperref
.cfg
File: hyperref.cfg 2002/06/06 v1.2 hyperref configuration of TeXLive
)
Package hyperref Info: Option `unicode' set `true' on input line 4414.
(c:/Users/cmc/AppData/Roaming/TinyTeX/texmf-dist/tex/latex/hyperref/puenc.def
File: puenc.def 2019/09/28 v7.00a Hyperref: PDF Unicode definition (HO)
Now handling font encoding PU ...
... no UTF-8 mapping file for font encoding PU
)
Package hyperref Info: Hyper figures OFF on input line 4540.
Package hyperref Info: Link nesting OFF on input line 4545.
Package hyperref Info: Hyper index ON on input line 4548.
Package hyperref Info: Plain pages OFF on input line 4555.
Package hyperref Info: Backreferencing OFF on input line 4560.
Package hyperref Info: Implicit mode ON; LaTeX internals redefined.
Package hyperref Info: Bookmarks ON on input line 4793.
\c@Hy@tempcnt=\count107
(c:/Users/cmc/AppData/Roaming/TinyTeX/texmf-dist/tex/latex/url/url.sty
\Urlmuskip=\muskip11
Package: url 2013/09/16  ver 3.4  Verb mode for urls, etc.
)
LaTeX Info: Redefining \url on input line 5152.
\XeTeXLinkMargin=\dimen135

(c:/Users/cmc/AppData/Roaming/TinyTeX/texmf-dist/tex/generic/oberdiek/bitset.st
y
Package: bitset 2016/05/16 v1.2 Handle bit-vector datatype (HO)

(c:/Users/cmc/AppData/Roaming/TinyTeX/texmf-dist/tex/generic/oberdiek/bigintcal
c.sty
Package: bigintcalc 2016/05/16 v1.4 Expandable calculations on big integers (HO
)
))
\Fld@menulength=\count108
\Field@Width=\dimen136
\Fld@charsize=\dimen137
Package hyperref Info: Hyper figures OFF on input line 6423.
Package hyperref Info: Link nesting OFF on input line 6428.
Package hyperref Info: Hyper index ON on input line 6431.
Package hyperref Info: backreferencing OFF on input line 6438.
Package hyperref Info: Link coloring OFF on input line 6443.
Package hyperref Info: Link coloring with OCG OFF on input line 6448.
Package hyperref Info: PDF/A mode OFF on input line 6453.
LaTeX Info: Redefining \ref on input line 6493.
LaTeX Info: Redefining \pageref on input line 6497.

(c:/Users/cmc/AppData/Roaming/TinyTeX/texmf-dist/tex/generic/oberdiek/atbegshi.
sty
Package: atbegshi 2016/06/09 v1.18 At begin shipout hook (HO)
)
\Hy@abspage=\count109
\c@Item=\count110
\c@Hfootnote=\count111
)
Package hyperref Info: Driver (autodetected): hpdftex.

(c:/Users/cmc/AppData/Roaming/TinyTeX/texmf-dist/tex/latex/hyperref/hpdftex.def
File: hpdftex.def 2019/09/28 v7.00a Hyperref driver for pdfTeX

(c:/Users/cmc/AppData/Roaming/TinyTeX/texmf-dist/tex/latex/oberdiek/atveryend.s
ty
Package: atveryend 2016/05/16 v1.9 Hooks at the very end of document (HO)
)
\Fld@listcount=\count112
\c@bookmark@seq@number=\count113

(c:/Users/cmc/AppData/Roaming/TinyTeX/texmf-dist/tex/latex/oberdiek/rerunfilech
eck.sty
Package: rerunfilecheck 2016/05/16 v1.8 Rerun checks for auxiliary files (HO)

(c:/Users/cmc/AppData/Roaming/TinyTeX/texmf-dist/tex/generic/oberdiek/uniquecou
nter.sty
Package: uniquecounter 2016/05/16 v1.3 Provide unlimited unique counter (HO)
)
Package uniquecounter Info: New unique counter `rerunfilecheck' on input line 2
82.
)
\Hy@SectionHShift=\skip74
)
(c:/Users/cmc/AppData/Roaming/TinyTeX/texmf-dist/tex/latex/oberdiek/bkm-pdftex.
def
File: bkm-pdftex.def 2019/06/04 v1.27 bookmark driver for pdfTeX (HO)
\BKM@id=\count114
))
Package hyperref Info: Option `colorlinks' set `true' on input line 49.

(c:/Users/cmc/AppData/Roaming/TinyTeX/texmf-dist/tex/latex/fancyvrb/fancyvrb.st
y
Package: fancyvrb 2019/10/22
Style option: `fancyvrb' v3.3 <2019/10/22> (tvz)
\FV@CodeLineNo=\count115
\FV@InFile=\read1
\FV@TabBox=\box54
\c@FancyVerbLine=\count116
\FV@StepNumber=\count117
\FV@OutFile=\write3
) (c:/Users/cmc/AppData/Roaming/TinyTeX/texmf-dist/tex/latex/framed/framed.sty
Package: framed 2011/10/22 v 0.96: framed or shaded text with page breaks
\OuterFrameSep=\skip75
\fb@frw=\dimen138
\fb@frh=\dimen139
\FrameRule=\dimen140
\FrameSep=\dimen141
) (c:/Users/cmc/AppData/Roaming/TinyTeX/texmf-dist/tex/latex/tools/longtable.st
y
Package: longtable 2019/02/06 v4.12 Multi-page Table package (DPC)
\LTleft=\skip76
\LTright=\skip77
\LTpre=\skip78
\LTpost=\skip79
\LTchunksize=\count118
\LTcapwidth=\dimen142
\LT@head=\box55
\LT@firsthead=\box56
\LT@foot=\box57
\LT@lastfoot=\box58
\LT@cols=\count119
\LT@rows=\count120
\c@LT@tables=\count121
\c@LT@chunks=\count122
\LT@p@ftn=\toks23
)
(c:/Users/cmc/AppData/Roaming/TinyTeX/texmf-dist/tex/latex/booktabs/booktabs.st
y
Package: booktabs 2019/10/08 v1.6180339 publication quality tables
\heavyrulewidth=\dimen143
\lightrulewidth=\dimen144
\cmidrulewidth=\dimen145
\belowrulesep=\dimen146
\belowbottomsep=\dimen147
\aboverulesep=\dimen148
\abovetopsep=\dimen149
\cmidrulesep=\dimen150
\cmidrulekern=\dimen151
\defaultaddspace=\dimen152
\@cmidla=\count123
\@cmidlb=\count124
\@aboverulesep=\dimen153
\@belowrulesep=\dimen154
\@thisruleclass=\count125
\@lastruleclass=\count126
\@thisrulewidth=\dimen155
)
(c:/Users/cmc/AppData/Roaming/TinyTeX/texmf-dist/tex/latex/mdwtools/footnote.st
y
Package: footnote 1997/01/28 1.13 Save footnotes around boxes
\fn@notes=\box59
\fn@width=\dimen156
)
(c:/Users/cmc/AppData/Roaming/TinyTeX/texmf-dist/tex/latex/graphics/graphicx.st
y
Package: graphicx 2017/06/01 v1.1a Enhanced LaTeX Graphics (DPC,SPQR)

(c:/Users/cmc/AppData/Roaming/TinyTeX/texmf-dist/tex/latex/graphics/graphics.st
y
Package: graphics 2019/10/08 v1.3c Standard LaTeX Graphics (DPC,SPQR)
(c:/Users/cmc/AppData/Roaming/TinyTeX/texmf-dist/tex/latex/graphics/trig.sty
Package: trig 2016/01/03 v1.10 sin cos tan (DPC)
)
(c:/Users/cmc/AppData/Roaming/TinyTeX/texmf-dist/tex/latex/graphics-cfg/graphic
s.cfg
File: graphics.cfg 2016/06/04 v1.11 sample graphics configuration
)
Package graphics Info: Driver file: pdftex.def on input line 105.
)
\Gin@req@height=\dimen157
\Gin@req@width=\dimen158
)
(c:/Users/cmc/AppData/Roaming/TinyTeX/texmf-dist/tex/latex/oberdiek/grffile.sty
Package: grffile 2017/06/30 v1.18 Extended file name support for graphics (HO)
Package grffile Info: Option `multidot' is set to `true'.
Package grffile Info: Option `extendedchars' is set to `false'.
Package grffile Info: Option `space' is set to `true'.
Package grffile Info: \Gin@ii of package `graphicx' fixed on input line 494.
) (c:/Users/cmc/AppData/Roaming/TinyTeX/texmf-dist/tex/latex/cjk-ko/kotex.sty
Package: kotex 2015/04/19 v1.6 Korean TeX (ko.TeX)

(c:/Users/cmc/AppData/Roaming/TinyTeX/texmf-dist/tex/latex/cjk-ko/cjkutf8-ko.st
y
Package: cjkutf8-ko 2016/04/04 v1.8 Hangul typesetting on CJKutf8

(c:/Users/cmc/AppData/Roaming/TinyTeX/texmf-dist/tex/latex/cjk/texinput/CJKutf8
.sty
Package: CJKutf8 2015/04/18 4.8.4

(c:/Users/cmc/AppData/Roaming/TinyTeX/texmf-dist/tex/latex/cjk/texinput/CJK.sty
Package: CJK 2015/04/18 4.8.4

(c:/Users/cmc/AppData/Roaming/TinyTeX/texmf-dist/tex/latex/cjk/texinput/mule/MU
LEenc.sty
Package: MULEenc 2015/04/18 4.8.4
)
(c:/Users/cmc/AppData/Roaming/TinyTeX/texmf-dist/tex/latex/cjk/texinput/CJK.enc
File: CJK.enc 2015/04/18 4.8.4
Now handling font encoding C00 ...
... no UTF-8 mapping file for font encoding C00
Now handling font encoding C05 ...
... no UTF-8 mapping file for font encoding C05
Now handling font encoding C09 ...
... no UTF-8 mapping file for font encoding C09
Now handling font encoding C10 ...
... no UTF-8 mapping file for font encoding C10
Now handling font encoding C20 ...
... no UTF-8 mapping file for font encoding C20
Now handling font encoding C19 ...
... no UTF-8 mapping file for font encoding C19
Now handling font encoding C40 ...
... no UTF-8 mapping file for font encoding C40
Now handling font encoding C42 ...
... no UTF-8 mapping file for font encoding C42
Now handling font encoding C43 ...
... no UTF-8 mapping file for font encoding C43
Now handling font encoding C50 ...
... no UTF-8 mapping file for font encoding C50
Now handling font encoding C52 ...
... no UTF-8 mapping file for font encoding C52
Now handling font encoding C49 ...
... no UTF-8 mapping file for font encoding C49
Now handling font encoding C60 ...
... no UTF-8 mapping file for font encoding C60
Now handling font encoding C61 ...
... no UTF-8 mapping file for font encoding C61
Now handling font encoding C63 ...
... no UTF-8 mapping file for font encoding C63
Now handling font encoding C64 ...
... no UTF-8 mapping file for font encoding C64
Now handling font encoding C65 ...
... no UTF-8 mapping file for font encoding C65
Now handling font encoding C70 ...
... no UTF-8 mapping file for font encoding C70
Now handling font encoding C31 ...
... no UTF-8 mapping file for font encoding C31
Now handling font encoding C32 ...
... no UTF-8 mapping file for font encoding C32
Now handling font encoding C33 ...
... no UTF-8 mapping file for font encoding C33
Now handling font encoding C34 ...
... no UTF-8 mapping file for font encoding C34
Now handling font encoding C35 ...
... no UTF-8 mapping file for font encoding C35
Now handling font encoding C36 ...
... no UTF-8 mapping file for font encoding C36
Now handling font encoding C37 ...
... no UTF-8 mapping file for font encoding C37
Now handling font encoding C80 ...
... no UTF-8 mapping file for font encoding C80
Now handling font encoding C81 ...
... no UTF-8 mapping file for font encoding C81
Now handling font encoding C01 ...
... no UTF-8 mapping file for font encoding C01
Now handling font encoding C11 ...
... no UTF-8 mapping file for font encoding C11
Now handling font encoding C21 ...
... no UTF-8 mapping file for font encoding C21
Now handling font encoding C41 ...
... no UTF-8 mapping file for font encoding C41
Now handling font encoding C62 ...
... no UTF-8 mapping file for font encoding C62
)
LaTeX Info: Redefining \selectfont on input line 755.
\CJK@indent=\box60
) (c:/Users/cmc/AppData/Roaming/TinyTeX/texmf-dist/tex/latex/base/fontenc.sty
Package: fontenc 2018/08/11 v2.0j Standard LaTeX package
))
(c:/Users/cmc/AppData/Roaming/TinyTeX/texmf-dist/tex/latex/cjk/texinput/UTF8/UT
F8.bdg
File: UTF8.bdg 2015/04/18 4.8.4
)
(c:/Users/cmc/AppData/Roaming/TinyTeX/texmf-dist/tex/latex/cjk/texinput/UTF8/UT
F8.enc
File: UTF8.enc 2015/04/18 4.8.4
)
(c:/Users/cmc/AppData/Roaming/TinyTeX/texmf-dist/tex/latex/cjk/texinput/UTF8/UT
F8.chr
File: UTF8.chr 2015/04/18 4.8.4
)
LaTeX Info: Redefining \CJKpunctsymbol on input line 305.

(c:/Users/cmc/AppData/Roaming/TinyTeX/texmf-dist/tex/latex/cjk-ko/cjkutf8-josa.
sty
Package: cjkutf8-josa 2016/04/04 v1.8 Automatic Josa selection for cjk-ko
)
(c:/Users/cmc/AppData/Roaming/TinyTeX/texmf-dist/tex/latex/cjk-ko/kolabels-utf.
sty
Package: kolabels-utf 2015/03/20 v1.5 UTF-8 Hangul item labels
)
(c:/Users/cmc/AppData/Roaming/TinyTeX/texmf-dist/tex/generic/pdftex/glyphtounic
ode.tex)
   defining Unicode char U+FE00 (decimal 65024)
   defining Unicode char U+FE01 (decimal 65025)
   defining Unicode char U+FE02 (decimal 65026)
))

LaTeX Warning: Unused global option(s):
    [9pt].

(./handout.aux)
\openout1 = `handout.aux'.

LaTeX Font Info:    Checking defaults for OML/cmm/m/it on input line 123.
LaTeX Font Info:    ... okay on input line 123.
LaTeX Font Info:    Checking defaults for T1/cmr/m/n on input line 123.
LaTeX Font Info:    ... okay on input line 123.
LaTeX Font Info:    Checking defaults for OT1/cmr/m/n on input line 123.
LaTeX Font Info:    ... okay on input line 123.
LaTeX Font Info:    Checking defaults for OMS/cmsy/m/n on input line 123.
LaTeX Font Info:    ... okay on input line 123.
LaTeX Font Info:    Checking defaults for OMX/cmex/m/n on input line 123.
LaTeX Font Info:    ... okay on input line 123.
LaTeX Font Info:    Checking defaults for U/cmr/m/n on input line 123.
LaTeX Font Info:    ... okay on input line 123.
LaTeX Font Info:    Checking defaults for TS1/cmr/m/n on input line 123.
LaTeX Font Info:    Trying to load font information for TS1+cmr on input line 1
23.
(c:/Users/cmc/AppData/Roaming/TinyTeX/texmf-dist/tex/latex/base/ts1cmr.fd
File: ts1cmr.fd 2014/09/29 v2.5h Standard LaTeX font definitions
)
LaTeX Font Info:    ... okay on input line 123.
LaTeX Font Info:    Checking defaults for PD1/pdf/m/n on input line 123.
LaTeX Font Info:    ... okay on input line 123.
LaTeX Font Info:    Checking defaults for PU/pdf/m/n on input line 123.
LaTeX Font Info:    ... okay on input line 123.
LaTeX Font Info:    Checking defaults for C00/song/m/n on input line 123.
LaTeX Font Info:    ... okay on input line 123.
LaTeX Font Info:    Checking defaults for C05/song/m/n on input line 123.
LaTeX Font Info:    ... okay on input line 123.
LaTeX Font Info:    Checking defaults for C09/song/m/n on input line 123.
LaTeX Font Info:    ... okay on input line 123.
LaTeX Font Info:    Checking defaults for C10/song/m/n on input line 123.
LaTeX Font Info:    ... okay on input line 123.
LaTeX Font Info:    Checking defaults for C20/song/m/n on input line 123.
LaTeX Font Info:    ... okay on input line 123.
LaTeX Font Info:    Checking defaults for C19/song/m/n on input line 123.
LaTeX Font Info:    ... okay on input line 123.
LaTeX Font Info:    Checking defaults for C40/song/m/n on input line 123.
LaTeX Font Info:    ... okay on input line 123.
LaTeX Font Info:    Checking defaults for C42/song/m/n on input line 123.
LaTeX Font Info:    ... okay on input line 123.
LaTeX Font Info:    Checking defaults for C43/song/m/n on input line 123.
LaTeX Font Info:    ... okay on input line 123.
LaTeX Font Info:    Checking defaults for C50/song/m/n on input line 123.
LaTeX Font Info:    ... okay on input line 123.
LaTeX Font Info:    Checking defaults for C52/song/m/n on input line 123.
LaTeX Font Info:    ... okay on input line 123.
LaTeX Font Info:    Checking defaults for C49/song/m/n on input line 123.
LaTeX Font Info:    ... okay on input line 123.
LaTeX Font Info:    Checking defaults for C60/mj/m/n on input line 123.
LaTeX Font Info:    ... okay on input line 123.
LaTeX Font Info:    Checking defaults for C61/mj/m/n on input line 123.
LaTeX Font Info:    ... okay on input line 123.
LaTeX Font Info:    Checking defaults for C63/mj/m/n on input line 123.
LaTeX Font Info:    ... okay on input line 123.
LaTeX Font Info:    Checking defaults for C64/mj/m/n on input line 123.
LaTeX Font Info:    ... okay on input line 123.
LaTeX Font Info:    Checking defaults for C65/mj/m/n on input line 123.
LaTeX Font Info:    ... okay on input line 123.
LaTeX Font Info:    Checking defaults for C70/song/m/n on input line 123.
LaTeX Font Info:    ... okay on input line 123.
LaTeX Font Info:    Checking defaults for C31/song/m/n on input line 123.
LaTeX Font Info:    ... okay on input line 123.
LaTeX Font Info:    Checking defaults for C32/song/m/n on input line 123.
LaTeX Font Info:    ... okay on input line 123.
LaTeX Font Info:    Checking defaults for C33/song/m/n on input line 123.
LaTeX Font Info:    ... okay on input line 123.
LaTeX Font Info:    Checking defaults for C34/song/m/n on input line 123.
LaTeX Font Info:    ... okay on input line 123.
LaTeX Font Info:    Checking defaults for C35/song/m/n on input line 123.
LaTeX Font Info:    ... okay on input line 123.
LaTeX Font Info:    Checking defaults for C36/song/m/n on input line 123.
LaTeX Font Info:    ... okay on input line 123.
LaTeX Font Info:    Checking defaults for C37/song/m/n on input line 123.
LaTeX Font Info:    ... okay on input line 123.
LaTeX Font Info:    Checking defaults for C80/song/m/n on input line 123.
LaTeX Font Info:    ... okay on input line 123.
LaTeX Font Info:    Checking defaults for C81/song/m/n on input line 123.
LaTeX Font Info:    ... okay on input line 123.
LaTeX Font Info:    Checking defaults for C01/song/m/n on input line 123.
LaTeX Font Info:    ... okay on input line 123.
LaTeX Font Info:    Checking defaults for C11/song/m/n on input line 123.
LaTeX Font Info:    ... okay on input line 123.
LaTeX Font Info:    Checking defaults for C21/song/m/n on input line 123.
LaTeX Font Info:    ... okay on input line 123.
LaTeX Font Info:    Checking defaults for C41/song/m/n on input line 123.
LaTeX Font Info:    ... okay on input line 123.
LaTeX Font Info:    Checking defaults for C62/song/m/n on input line 123.
LaTeX Font Info:    ... okay on input line 123.
LaTeX Font Info:    Trying to load font information for T1+lmr on input line 12
3.
(c:/Users/cmc/AppData/Roaming/TinyTeX/texmf-dist/tex/latex/lm/t1lmr.fd
File: t1lmr.fd 2009/10/30 v1.6 Font defs for Latin Modern
)
LaTeX Font Info:    Trying to load font information for TS1+lmr on input line 1
23.
(c:/Users/cmc/AppData/Roaming/TinyTeX/texmf-dist/tex/latex/lm/ts1lmr.fd
File: ts1lmr.fd 2009/10/30 v1.6 Font defs for Latin Modern
)
(c:/Users/cmc/AppData/Roaming/TinyTeX/texmf-dist/tex/latex/oberdiek/epstopdf-ba
se.sty
Package: epstopdf-base 2016/05/15 v2.6 Base part for package epstopdf
(c:/Users/cmc/AppData/Roaming/TinyTeX/texmf-dist/tex/latex/oberdiek/grfext.sty
Package: grfext 2016/05/16 v1.2 Manage graphics extensions (HO)
)
Package epstopdf-base Info: Redefining graphics rule for `.eps' on input line 4
38.
Package grfext Info: Graphics extension search list:
(grfext)             [.pdf,.png,.jpg,.mps,.jpeg,.jbig2,.jb2,.PDF,.PNG,.JPG,.JPE
G,.JBIG2,.JB2,.eps]
(grfext)             \AppendGraphicsExtensions on input line 456.

(c:/Users/cmc/AppData/Roaming/TinyTeX/texmf-dist/tex/latex/latexconfig/epstopdf
-sys.cfg
File: epstopdf-sys.cfg 2010/07/13 v1.3 Configuration of (r)epstopdf for TeX Liv
e
))
\AtBeginShipoutBox=\box61
Package hyperref Info: Link coloring ON on input line 123.

(c:/Users/cmc/AppData/Roaming/TinyTeX/texmf-dist/tex/latex/hyperref/nameref.sty
Package: nameref 2019/09/16 v2.46 Cross-referencing by name of section

(c:/Users/cmc/AppData/Roaming/TinyTeX/texmf-dist/tex/latex/oberdiek/refcount.st
y
Package: refcount 2016/05/16 v3.5 Data extraction from label references (HO)
)
(c:/Users/cmc/AppData/Roaming/TinyTeX/texmf-dist/tex/generic/oberdiek/gettitles
tring.sty
Package: gettitlestring 2016/05/16 v1.5 Cleanup title references (HO)
)
\c@section@level=\count127
)
LaTeX Info: Redefining \ref on input line 123.
LaTeX Info: Redefining \pageref on input line 123.
LaTeX Info: Redefining \nameref on input line 123.
   defining Unicode char U+00B7 (decimal 183)
LaTeX Font Info:    Trying to load font information for C70+mj on input line 12
5.

(c:/Users/cmc/AppData/Roaming/TinyTeX/texmf-dist/tex/latex/cjk/texinput/UTF8/c7
0mj.fd
File: c70mj.fd 2015/04/18 4.8.4
)
(c:/Users/cmc/AppData/Roaming/TinyTeX/texmf-dist/tex/latex/cjk/texinput/UTF8/c7
0mj.fdx
File: c70mj.fdx 2015/04/18 4.8.4
)
LaTeX Font Info:    Font shape `C70/mj/m/it'
(Font)              in size <10> not available.
(Font)              Font shape `C70/mj/m/sl'
(Font)              tried instead on input line 125.

Underfull \vbox (badness 10000) has occurred while \output is active []


Overfull \hbox (336.25pt too wide) has occurred while \output is active
[]
 []


Underfull \vbox (badness 10000) has occurred while \output is active []


Overfull \hbox (336.25pt too wide) has occurred while \output is active
[]
 []


Underfull \vbox (badness 10000) has occurred while \output is active []


Overfull \hbox (336.25pt too wide) has occurred while \output is active
[]
 []


Underfull \vbox (badness 10000) has occurred while \output is active []


Overfull \hbox (336.25pt too wide) has occurred while \output is active
[]
 []


Underfull \hbox (badness 10000) has occurred while \output is active
 [][][][] 
 []

[1


{c:/Users/cmc/AppData/Roaming/TinyTeX/texmf-var/fonts/map/pdftex/updmap/pdftex.
map}]
Underfull \vbox (badness 10000) has occurred while \output is active []


Overfull \hbox (336.25pt too wide) has occurred while \output is active
[]
 []


Underfull \vbox (badness 10000) has occurred while \output is active []


Overfull \hbox (336.25pt too wide) has occurred while \output is active
[]
 []


Underfull \vbox (badness 10000) has occurred while \output is active []


Overfull \hbox (336.25pt too wide) has occurred while \output is active
[]
 []


Underfull \vbox (badness 10000) has occurred while \output is active []


Overfull \hbox (336.25pt too wide) has occurred while \output is active
[]
 []


Underfull \hbox (badness 10000) has occurred while \output is active
 [][][][] 
 []

[2

]
Underfull \vbox (badness 10000) detected at line 129
 []


Overfull \hbox (336.25pt too wide) detected at line 129
[]
 []


Underfull \vbox (badness 10000) detected at line 129
 []


Overfull \hbox (336.25pt too wide) detected at line 129
[]
 []


Underfull \vbox (badness 10000) detected at line 129
 []


Overfull \hbox (336.25pt too wide) detected at line 129
[]
 []


Underfull \vbox (badness 10000) detected at line 129
 []


Overfull \hbox (336.25pt too wide) detected at line 129
[]
 []


Underfull \hbox (badness 10000) detected at line 129
[]
 []

(./handout.toc
LaTeX Font Info:    Trying to load font information for OT1+lmr on input line 6
.
(c:/Users/cmc/AppData/Roaming/TinyTeX/texmf-dist/tex/latex/lm/ot1lmr.fd
File: ot1lmr.fd 2009/10/30 v1.6 Font defs for Latin Modern
)
LaTeX Font Info:    Trying to load font information for OML+lmm on input line 6
.
(c:/Users/cmc/AppData/Roaming/TinyTeX/texmf-dist/tex/latex/lm/omllmm.fd
File: omllmm.fd 2009/10/30 v1.6 Font defs for Latin Modern
)
LaTeX Font Info:    Trying to load font information for OMS+lmsy on input line 
6.
(c:/Users/cmc/AppData/Roaming/TinyTeX/texmf-dist/tex/latex/lm/omslmsy.fd
File: omslmsy.fd 2009/10/30 v1.6 Font defs for Latin Modern
)
LaTeX Font Info:    Trying to load font information for OMX+lmex on input line 
6.
(c:/Users/cmc/AppData/Roaming/TinyTeX/texmf-dist/tex/latex/lm/omxlmex.fd
File: omxlmex.fd 2009/10/30 v1.6 Font defs for Latin Modern
)
LaTeX Font Info:    External font `lmex10' loaded for size
(Font)              <10> on input line 6.
LaTeX Font Info:    External font `lmex10' loaded for size
(Font)              <7> on input line 6.
LaTeX Font Info:    External font `lmex10' loaded for size
(Font)              <5> on input line 6.
LaTeX Font Info:    Trying to load font information for U+msa on input line 6.
(c:/Users/cmc/AppData/Roaming/TinyTeX/texmf-dist/tex/latex/amsfonts/umsa.fd
File: umsa.fd 2013/01/14 v3.01 AMS symbols A
)
LaTeX Font Info:    Trying to load font information for U+msb on input line 6.
(c:/Users/cmc/AppData/Roaming/TinyTeX/texmf-dist/tex/latex/amsfonts/umsb.fd
File: umsb.fd 2013/01/14 v3.01 AMS symbols B
))
\tf@toc=\write4
\openout4 = `handout.toc'.


Underfull \hbox (badness 10000) has occurred while \output is active
 [][][][] 
 []

[3]
Underfull \vbox (badness 10000) has occurred while \output is active []


Overfull \hbox (336.25pt too wide) has occurred while \output is active
[]
 []


Underfull \vbox (badness 10000) has occurred while \output is active []


Overfull \hbox (336.25pt too wide) has occurred while \output is active
[]
 []


Underfull \vbox (badness 10000) has occurred while \output is active []


Overfull \hbox (336.25pt too wide) has occurred while \output is active
[]
 []


Underfull \vbox (badness 10000) has occurred while \output is active []


Overfull \hbox (336.25pt too wide) has occurred while \output is active
[]
 []


Underfull \hbox (badness 10000) has occurred while \output is active
 [][][][] 
 []

[4

]
Underfull \vbox (badness 10000) detected at line 131
 []


Overfull \hbox (336.25pt too wide) detected at line 131
[]
 []


Underfull \vbox (badness 10000) detected at line 131
 []


Overfull \hbox (336.25pt too wide) detected at line 131
[]
 []


Underfull \vbox (badness 10000) detected at line 131
 []


Overfull \hbox (336.25pt too wide) detected at line 131
[]
 []


Underfull \vbox (badness 10000) detected at line 131
 []


Overfull \hbox (336.25pt too wide) detected at line 131
[]
 []


Underfull \hbox (badness 10000) detected at line 131
[]
 []


Package hyperref Warning: bookmark level for unknown fm defaults to 0.

(./handout.lot)
\tf@lot=\write5
\openout5 = `handout.lot'.


Underfull \hbox (badness 10000) has occurred while \output is active
 [][][][] 
 []

[5

]
Underfull \vbox (badness 10000) has occurred while \output is active []


Overfull \hbox (336.25pt too wide) has occurred while \output is active
[]
 []


Underfull \vbox (badness 10000) has occurred while \output is active []


Overfull \hbox (336.25pt too wide) has occurred while \output is active
[]
 []


Underfull \vbox (badness 10000) has occurred while \output is active []


Overfull \hbox (336.25pt too wide) has occurred while \output is active
[]
 []


Underfull \vbox (badness 10000) has occurred while \output is active []


Overfull \hbox (336.25pt too wide) has occurred while \output is active
[]
 []


Underfull \hbox (badness 10000) has occurred while \output is active
 [][][][] 
 []

[6

]
Underfull \vbox (badness 10000) detected at line 132
 []


Overfull \hbox (336.25pt too wide) detected at line 132
[]
 []


Underfull \vbox (badness 10000) detected at line 132
 []


Overfull \hbox (336.25pt too wide) detected at line 132
[]
 []


Underfull \vbox (badness 10000) detected at line 132
 []


Overfull \hbox (336.25pt too wide) detected at line 132
[]
 []


Underfull \vbox (badness 10000) detected at line 132
 []


Overfull \hbox (336.25pt too wide) detected at line 132
[]
 []


Underfull \hbox (badness 10000) detected at line 132
[]
 []

(./handout.lof)
\tf@lof=\write6
\openout6 = `handout.lof'.


Underfull \hbox (badness 10000) has occurred while \output is active
 [][][][] 
 []

[7

]
Underfull \vbox (badness 10000) has occurred while \output is active []


Overfull \hbox (336.25pt too wide) has occurred while \output is active
[]
 []


Underfull \vbox (badness 10000) has occurred while \output is active []


Overfull \hbox (336.25pt too wide) has occurred while \output is active
[]
 []


Underfull \vbox (badness 10000) has occurred while \output is active []


Overfull \hbox (336.25pt too wide) has occurred while \output is active
[]
 []


Underfull \vbox (badness 10000) has occurred while \output is active []


Overfull \hbox (336.25pt too wide) has occurred while \output is active
[]
 []


Underfull \hbox (badness 10000) has occurred while \output is active
 [][][][] 
 []

[8

]
Underfull \vbox (badness 10000) detected at line 134
 []


Overfull \hbox (336.25pt too wide) detected at line 134
[]
 []


Underfull \vbox (badness 10000) detected at line 134
 []


Overfull \hbox (336.25pt too wide) detected at line 134
[]
 []


Underfull \vbox (badness 10000) detected at line 134
 []


Overfull \hbox (336.25pt too wide) detected at line 134
[]
 []


Underfull \vbox (badness 10000) detected at line 134
 []


Overfull \hbox (336.25pt too wide) detected at line 134
[]
 []


Underfull \hbox (badness 10000) detected at line 134
[]
 []

LaTeX Font Info:    Trying to load font information for T1+lmtt on input line 1
37.
(c:/Users/cmc/AppData/Roaming/TinyTeX/texmf-dist/tex/latex/lm/t1lmtt.fd
File: t1lmtt.fd 2009/10/30 v1.6 Font defs for Latin Modern
)
Underfull \hbox (badness 2050) in paragraph at lines 137--138
\C70/mj/m/n/10/c7 t  \C70/mj/m/n/10/b8  \C70/mj/m/n/10/b2  \T1/lmr/m/n/10 Jo
-han Gabriels-son \C70/mj/m/n/10/ac  \T1/lmr/m/n/10 Dan Weiner \C70/mj/m/n/10/
c7 X \C70/mj/m/n/10/cc E\T1/lmr/m/n/10 , ``Phar-ma-coki-netic
 []


Underfull \hbox (badness 10000) has occurred while \output is active
 [][][][] 
 []

[9

]
Underfull \vbox (badness 10000) has occurred while \output is active []


Overfull \hbox (336.25pt too wide) has occurred while \output is active
[]
 []


Underfull \vbox (badness 10000) has occurred while \output is active []


Overfull \hbox (336.25pt too wide) has occurred while \output is active
[]
 []


Underfull \vbox (badness 10000) has occurred while \output is active []


Overfull \hbox (336.25pt too wide) has occurred while \output is active
[]
 []


Underfull \vbox (badness 10000) has occurred while \output is active []


Overfull \hbox (336.25pt too wide) has occurred while \output is active
[]
 []


Underfull \hbox (badness 10000) has occurred while \output is active
 [][][][] 
 []

[10

]
Underfull \vbox (badness 10000) detected at line 150
 []


Overfull \hbox (336.25pt too wide) detected at line 150
[]
 []


Underfull \vbox (badness 10000) detected at line 150
 []


Overfull \hbox (336.25pt too wide) detected at line 150
[]
 []


Underfull \vbox (badness 10000) detected at line 150
 []


Overfull \hbox (336.25pt too wide) detected at line 150
[]
 []


Underfull \vbox (badness 10000) detected at line 150
 []


Overfull \hbox (336.25pt too wide) detected at line 150
[]
 []

Chapter 1.
LaTeX Font Info:    Font shape `T1/lmtt/bx/n' in size <10> not available
(Font)              Font shape `T1/lmtt/b/n' tried instead on input line 156.
<"handout_files/figure-latex/""unnamed-chunk-1-1".pdf, id=99, 469.755pt x 325.2
15pt>
File: "handout_files/figure-latex/""unnamed-chunk-1-1".pdf Graphic file (type p
df)
<use "handout_files/figure-latex/""unnamed-chunk-1-1".pdf>
Package pdftex.def Info: "handout_files/figure-latex/""unnamed-chunk-1-1".pdf  
used on input line 164.
(pdftex.def)             Requested size: 336.49588pt x 232.95868pt.

Overfull \hbox (41.4989pt too wide) in paragraph at lines 202--202
[]\T1/lmtt/m/n/10 ##            b0          CMAX         CMAXD          TMAX   
       TLAG[] 
 []


Overfull \hbox (41.4989pt too wide) in paragraph at lines 202--202
[]\T1/lmtt/m/n/10 ##  1.557534e+00  2.000000e+00  2.000000e-02  4.000000e+01  1
.000000e+01[] 
 []


Overfull \hbox (41.4989pt too wide) in paragraph at lines 202--202
[]\T1/lmtt/m/n/10 ##          CLST         CLSTP          TLST        LAMZHL   
       LAMZ[] 
 []


Overfull \hbox (41.4989pt too wide) in paragraph at lines 202--202
[]\T1/lmtt/m/n/10 ##  1.800000e-01  1.647689e-01  3.600000e+02  7.424929e+01  9
.335405e-03[] 
 []


Overfull \hbox (41.4989pt too wide) in paragraph at lines 202--202
[]\T1/lmtt/m/n/10 ##        LAMZLL        LAMZUL       LAMZNPT        CORRXY   
         R2[] 
 []


Underfull \hbox (badness 10000) has occurred while \output is active
 [][][][] 
 []

pdfTeX warning (ext4): destination with the same identifier (name{page.1}) has 
been already used, duplicate ignored
<to be read again> 
                   \relax 
l.202 \end{verbatim}
                     [1


 <./handout_files/figure-latex/unnamed-chunk-1-1.pdf>]
Overfull \hbox (41.4989pt too wide) in paragraph at lines 202--202
[]\T1/lmtt/m/n/10 ##  9.000000e+01  3.600000e+02  7.000000e+00 -9.822141e-01  9
.647446e-01[] 
 []


Overfull \hbox (41.4989pt too wide) in paragraph at lines 202--202
[]\T1/lmtt/m/n/10 ##         R2ADJ        AUCLST        AUCALL        AUCIFO   
    AUCIFOD[] 
 []


Overfull \hbox (41.4989pt too wide) in paragraph at lines 202--202
[]\T1/lmtt/m/n/10 ##  9.576935e-01  3.308750e+02  3.308750e+02  3.501564e+02  3
.501564e+00[] 
 []


Overfull \hbox (41.4989pt too wide) in paragraph at lines 202--202
[]\T1/lmtt/m/n/10 ##        AUCIFP       AUCIFPD        AUCPEO        AUCPEP   
    AUMCLST[] 
 []


Overfull \hbox (41.4989pt too wide) in paragraph at lines 202--202
[]\T1/lmtt/m/n/10 ##  3.485249e+02  3.485249e+00  5.506520e+00  5.064170e+00  4
.230750e+04[] 
 []


Overfull \hbox (41.4989pt too wide) in paragraph at lines 202--202
[]\T1/lmtt/m/n/10 ##       AUMCIFO       AUMCIFP       AUMCPEO       AUMCPEP   
       VZFO[] 
 []


Overfull \hbox (41.4989pt too wide) in paragraph at lines 202--202
[]\T1/lmtt/m/n/10 ##  5.131423e+04  5.055210e+04  1.755210e+01  1.630912e+01  3
.059178e+01[] 
 []


Overfull \hbox (41.4989pt too wide) in paragraph at lines 202--202
[]\T1/lmtt/m/n/10 ##          VZFP          CLFO          CLFP      MRTEVLST   
   MRTEVIFO[] 
 []


Overfull \hbox (41.4989pt too wide) in paragraph at lines 202--202
[]\T1/lmtt/m/n/10 ##  3.073499e+01  2.855866e-01  2.869236e-01  1.278655e+02  1
.465466e+02[] 
 []


Overfull \hbox (25.74895pt too wide) in paragraph at lines 202--202
[]\T1/lmtt/m/n/10 ##  [1] ""            "ug/L"        "ug/L/ug"     "min"      
   "min"[] 
 []


Overfull \hbox (30.99893pt too wide) in paragraph at lines 202--202
[]\T1/lmtt/m/n/10 ##  [6] "ug/L"        "ug/L"        "min"         "min"      
   "/min"[] 
 []


Overfull \hbox (9.999pt too wide) in paragraph at lines 202--202
[]\T1/lmtt/m/n/10 ## [11] "min"         "min"         ""            ""         
   ""[] 
 []


Overfull \hbox (67.74883pt too wide) in paragraph at lines 202--202
[]\T1/lmtt/m/n/10 ## [16] ""            "min*ug/L"    "min*ug/L"    "min*ug/L" 
   "min*ug/L/ug"[] 
 []


Overfull \hbox (57.24886pt too wide) in paragraph at lines 202--202
[]\T1/lmtt/m/n/10 ## [21] "min*ug/L"    "min*ug/L/ug" "%"           "%"        
   "min2*ug/L"[] 
 []


Overfull \hbox (15.24898pt too wide) in paragraph at lines 202--202
[]\T1/lmtt/m/n/10 ## [26] "min2*ug/L"   "min2*ug/L"   "%"           "%"        
   "L"[] 
 []


Overfull \hbox (25.74895pt too wide) in paragraph at lines 202--202
[]\T1/lmtt/m/n/10 ## [31] "L"           "L/min"       "L/min"       "min"      
   "min"[] 
 []


Underfull \vbox (badness 10000) detected at line 226
 []

pdfTeX warning (ext4): destination with the same identifier (name{page.2}) has 
been already used, duplicate ignored
<to be read again> 
                   \relax 
l.226 \end{Shaded}
                   [2]
Overfull \hbox (9.999pt too wide) in paragraph at lines 233--233
[]\T1/lmtt/m/n/10 ##               ka         V            k   AddErrVar    Add
ErrSD[] 
 []


Overfull \hbox (9.999pt too wide) in paragraph at lines 233--233
[]\T1/lmtt/m/n/10 ## PE   0.013202142 21.017659  0.013202008  0.08701446  0.294
98213[] 
 []


Overfull \hbox (9.999pt too wide) in paragraph at lines 233--233
[]\T1/lmtt/m/n/10 ## SE   0.005442004  8.623411  0.005441954  0.03412981  0.057
85063[] 
 []


Overfull \hbox (9.999pt too wide) in paragraph at lines 233--233
[]\T1/lmtt/m/n/10 ## RSE 41.220611647 41.029360 41.220651532 39.22314350 19.611
57175[] 
 []


Overfull \hbox (67.74883pt too wide) in paragraph at lines 264--264
[]\T1/lmtt/m/n/10 ##               ka         V            k      tlag    AddEr
rVar    AddErrSD[] 
 []


Overfull \hbox (67.74883pt too wide) in paragraph at lines 264--264
[]\T1/lmtt/m/n/10 ## PE   0.027469911 27.353876  0.010511280 11.375450  0.01549
4408  0.12447654[] 
 []


Overfull \hbox (67.74883pt too wide) in paragraph at lines 264--264
[]\T1/lmtt/m/n/10 ## SE   0.006059932  4.148751  0.001937513  0.867595  0.00607
7431  0.02441195[] 
 []


Overfull \hbox (67.74883pt too wide) in paragraph at lines 264--264
[]\T1/lmtt/m/n/10 ## RSE 22.060253988 15.166957 18.432707310  7.626907 39.22338
3633 19.61169182[] 
 []

pdfTeX warning (ext4): destination with the same identifier (name{page.3}) has 
been already used, duplicate ignored
<to be read again> 
                   \relax 
l.280 \end{Shaded}
                   [3]
<"handout_files/figure-latex/""unnamed-chunk-5-1".pdf, id=124, 469.755pt x 325.
215pt>
File: "handout_files/figure-latex/""unnamed-chunk-5-1".pdf Graphic file (type p
df)
<use "handout_files/figure-latex/""unnamed-chunk-5-1".pdf>
Package pdftex.def Info: "handout_files/figure-latex/""unnamed-chunk-5-1".pdf  
used on input line 282.
(pdftex.def)             Requested size: 336.49588pt x 232.95868pt.
pdfTeX warning (ext4): destination with the same identifier (name{page.4}) has 
been already used, duplicate ignored
<to be read again> 
                   \relax 
l.285 ...label{one-compartment-model---iv-dosing}}
                                                   [4 <./handout_files/figure-l
atex/unnamed-chunk-5-1.pdf>]
Underfull \vbox (badness 10000) detected at line 285
 []


Overfull \hbox (336.25pt too wide) detected at line 285
[]
 []


Underfull \vbox (badness 10000) detected at line 285
 []


Overfull \hbox (336.25pt too wide) detected at line 285
[]
 []


Underfull \vbox (badness 10000) detected at line 285
 []


Overfull \hbox (336.25pt too wide) detected at line 285
[]
 []


Underfull \vbox (badness 10000) detected at line 285
 []


Overfull \hbox (336.25pt too wide) detected at line 285
[]
 []

Chapter 2.
<"handout_files/figure-latex/""unnamed-chunk-6-1".pdf, id=134, 469.755pt x 325.
215pt>
File: "handout_files/figure-latex/""unnamed-chunk-6-1".pdf Graphic file (type p
df)
<use "handout_files/figure-latex/""unnamed-chunk-6-1".pdf>
Package pdftex.def Info: "handout_files/figure-latex/""unnamed-chunk-6-1".pdf  
used on input line 301.
(pdftex.def)             Requested size: 336.49588pt x 232.95868pt.

Underfull \hbox (badness 10000) in paragraph at lines 306--309

 []


Underfull \hbox (badness 10000) in paragraph at lines 309--312

 []


Underfull \hbox (badness 10000) has occurred while \output is active
 [][][][] 
 []

pdfTeX warning (ext4): destination with the same identifier (name{page.5}) has 
been already used, duplicate ignored
<to be read again> 
                   \relax 
l.312   
          3 4     ...
[5


 <./handout_files/figure-latex/unnamed-chunk-6-1.pdf>]
Overfull \hbox (9.999pt too wide) in paragraph at lines 355--355
[]\T1/lmtt/m/n/10 ##   ID       b0 CMAX CMAXD TMAX TLAG CLST     CLSTP TLST   L
AMZHL[] 
 []


Overfull \hbox (9.999pt too wide) in paragraph at lines 355--355
[]\T1/lmtt/m/n/10 ## 1  1 6.918913  920  92.0   10   NA  200 211.19414  150 66.
38766[] 
 []


Overfull \hbox (9.999pt too wide) in paragraph at lines 355--355
[]\T1/lmtt/m/n/10 ## 2  2 6.934162  850  85.0   10   NA   42  45.17696  150 33.
28625[] 
 []


Overfull \hbox (9.999pt too wide) in paragraph at lines 355--355
[]\T1/lmtt/m/n/10 ## 3  3 6.877619  800  80.0   10   NA   60  56.80923  150 36.
63672[] 
 []


Overfull \hbox (9.999pt too wide) in paragraph at lines 355--355
[]\T1/lmtt/m/n/10 ## 4  4 6.207537  465  46.5   10   NA  120 117.19292  150 72.
01703[] 
 []


Overfull \hbox (25.74895pt too wide) in paragraph at lines 355--355
[]\T1/lmtt/m/n/10 ##          LAMZ LAMZLL LAMZUL LAMZNPT     CORRXY        R2  
   R2ADJ[] 
 []


Overfull \hbox (25.74895pt too wide) in paragraph at lines 355--355
[]\T1/lmtt/m/n/10 ## 1 0.010440904     10    150      10 -0.9943381 0.9887083 0
.9872969[] 
 []


Overfull \hbox (25.74895pt too wide) in paragraph at lines 355--355
[]\T1/lmtt/m/n/10 ## 2 0.020823832     10    150      10 -0.9950967 0.9902174 0
.9889946[] 
 []


Overfull \hbox (25.74895pt too wide) in paragraph at lines 355--355
[]\T1/lmtt/m/n/10 ## 3 0.018919466     10    150      10 -0.9984467 0.9968957 0
.9965077[] 
 []


Overfull \hbox (25.74895pt too wide) in paragraph at lines 355--355
[]\T1/lmtt/m/n/10 ## 4 0.009624768     10    150      10 -0.9971818 0.9943716 0
.9936681[] 
 []


Overfull \hbox (67.74883pt too wide) in paragraph at lines 355--355
[]\T1/lmtt/m/n/10 ##     AUCLST   AUCALL   AUCIFO  AUCIFOD   AUCIFP  AUCIFPD   
 AUCPEO   AUCPEP[] 
 []


Overfull \hbox (67.74883pt too wide) in paragraph at lines 355--355
[]\T1/lmtt/m/n/10 ## 1 77590.00 77590.00 96745.43 9674.543 97817.57 9781.757 19
.799828 20.67887[] 
 []


Overfull \hbox (67.74883pt too wide) in paragraph at lines 355--355
[]\T1/lmtt/m/n/10 ## 2 48374.13 48374.13 50391.05 5039.105 50543.61 5054.361  4
.002536  4.29230[] 
 []


Overfull \hbox (67.74883pt too wide) in paragraph at lines 355--355
[]\T1/lmtt/m/n/10 ## 3 48430.88 48430.88 51602.22 5160.222 51433.57 5143.357  6
.145738  5.83799[] 
 []


Overfull \hbox (67.74883pt too wide) in paragraph at lines 355--355
[]\T1/lmtt/m/n/10 ## 4 39677.81 39677.81 52145.65 5214.565 51853.99 5185.399 23
.909634 23.48167[] 
 []


Overfull \hbox (62.49884pt too wide) in paragraph at lines 355--355
[]\T1/lmtt/m/n/10 ##   AUMCLST AUMCIFO AUMCIFP  AUMCPEO  AUMCPEP        C0   AU
CPBEO   AUCPBEP[] 
 []


Overfull \hbox (62.49884pt too wide) in paragraph at lines 355--355
[]\T1/lmtt/m/n/10 ## 1 4337000 9044967 9308475 52.05068 53.40805 1058.0000 10.2
22705 10.110658[] 
 []


Overfull \hbox (62.49884pt too wide) in paragraph at lines 355--355
[]\T1/lmtt/m/n/10 ## 2 1967000 2366394 2396605 16.87776 17.92557 1146.8254 19.8
13295 19.753490[] 
 []


Overfull \hbox (62.49884pt too wide) in paragraph at lines 355--355
[]\T1/lmtt/m/n/10 ## 3 2077250 2720574 2686362 23.64661 22.67423  941.1765 16.8
71139 16.926460[] 
 []


Overfull \hbox (62.49884pt too wide) in paragraph at lines 355--355
[]\T1/lmtt/m/n/10 ## 4 2245250 5410815 5336766 58.50441 57.92864  540.5625  9.6
41865  9.696095[] 
 []


Overfull \hbox (46.74889pt too wide) in paragraph at lines 355--355
[]\T1/lmtt/m/n/10 ##         VZO       VZP       CLO       CLP MRTIVLST  MRTIVI
FO  MRTIVIFP[] 
 []


Overfull \hbox (46.74889pt too wide) in paragraph at lines 355--355
[]\T1/lmtt/m/n/10 ## 1  9.899914  9.791405 0.1033641 0.1022311 55.89638  93.492
44  95.16158[] 
 []


Overfull \hbox (46.74889pt too wide) in paragraph at lines 355--355
[]\T1/lmtt/m/n/10 ## 2  9.529848  9.501083 0.1984480 0.1978489 40.66223  46.960
61  47.41658[] 
 []


Overfull \hbox (46.74889pt too wide) in paragraph at lines 355--355
[]\T1/lmtt/m/n/10 ## 3 10.242896 10.276482 0.1937901 0.1944256 42.89102  52.722
03  52.22974[] 
 []


Overfull \hbox (46.74889pt too wide) in paragraph at lines 355--355
[]\T1/lmtt/m/n/10 ## 4 19.924695 20.036761 0.1917706 0.1928492 56.58704 103.763
52 102.91908[] 
 []

pdfTeX warning (ext4): destination with the same identifier (name{page.6}) has 
been already used, duplicate ignored
<to be read again> 
                   \relax 
l.370 \begin{Shaded}
                     [6]
Overfull \hbox (4.74901pt too wide) in paragraph at lines 426--426
[]\T1/lmtt/m/n/10 ##     ID          V            k AddErrVar  AddErrSD        
  CL[] 
 []


Overfull \hbox (4.74901pt too wide) in paragraph at lines 426--426
[]\T1/lmtt/m/n/10 ## PE   1  9.9784487 0.0102560820 432.73767 20.802348 0.10233
9788[] 
 []


Overfull \hbox (4.74901pt too wide) in paragraph at lines 426--426
[]\T1/lmtt/m/n/10 ## SE   1  0.1834206 0.0003873927 193.52612  4.651545 0.00259
7160[] 
 []


Overfull \hbox (4.74901pt too wide) in paragraph at lines 426--426
[]\T1/lmtt/m/n/10 ## RSE  1  1.8381673 3.7771994487  44.72135 22.360674 2.53778
1676[] 
 []


Overfull \hbox (4.74901pt too wide) in paragraph at lines 426--426
[]\T1/lmtt/m/n/10 ## PE   2  9.8162458 0.0206612797 753.97041 27.458522 0.20281
6199[] 
 []


Overfull \hbox (4.74901pt too wide) in paragraph at lines 426--426
[]\T1/lmtt/m/n/10 ## SE   2  0.3308035 0.0010187679 337.18516  6.139900 0.00597
0426[] 
 []


Overfull \hbox (4.74901pt too wide) in paragraph at lines 426--426
[]\T1/lmtt/m/n/10 ## RSE  2  3.3699589 4.9308074311  44.72127 22.360637 2.94376
2128[] 
 []


Overfull \hbox (4.74901pt too wide) in paragraph at lines 426--426
[]\T1/lmtt/m/n/10 ## PE   3 10.2230093 0.0190412124  77.05108  8.777874 0.19465
8492[] 
 []


Overfull \hbox (4.74901pt too wide) in paragraph at lines 426--426
[]\T1/lmtt/m/n/10 ## SE   3  0.1086744 0.0003052182  34.45832  1.962794 0.00189
1101[] 
 []


Overfull \hbox (4.74901pt too wide) in paragraph at lines 426--426
[]\T1/lmtt/m/n/10 ## RSE  3  1.0630369 1.6029348653  44.72140 22.360699 0.97149
6569[] 
 []


Overfull \hbox (4.74901pt too wide) in paragraph at lines 426--426
[]\T1/lmtt/m/n/10 ## PE   4 19.9471606 0.0098139570  72.19448  8.496733 0.19576
0575[] 
 []


Overfull \hbox (4.74901pt too wide) in paragraph at lines 426--426
[]\T1/lmtt/m/n/10 ## SE   4  0.2954327 0.0003070959  32.28660  1.899942 0.00414
8218[] 
 []


Overfull \hbox (4.74901pt too wide) in paragraph at lines 426--426
[]\T1/lmtt/m/n/10 ## RSE  4  1.4810766 3.1291754937  44.72170 22.360849 2.11902
6160[] 
 []

pdfTeX warning (ext4): destination with the same identifier (name{page.7}) has 
been already used, duplicate ignored
<to be read again> 
                   \relax 
l.426 \end{verbatim}
                     [7]
<"handout_files/figure-latex/""unnamed-chunk-10-1".pdf, id=152, 469.755pt x 325
.215pt>
File: "handout_files/figure-latex/""unnamed-chunk-10-1".pdf Graphic file (type 
pdf)
<use "handout_files/figure-latex/""unnamed-chunk-10-1".pdf>
Package pdftex.def Info: "handout_files/figure-latex/""unnamed-chunk-10-1".pdf 
 used on input line 445.
(pdftex.def)             Requested size: 336.49588pt x 232.95868pt.
pdfTeX warning (ext4): destination with the same identifier (name{page.8}) has 
been already used, duplicate ignored
<to be read again> 
                   \relax 
l.448 ...label{two-compartment-model-oral-dosing}}
                                                   [8 <./handout_files/figure-l
atex/unnamed-chunk-10-1.pdf>]
Underfull \vbox (badness 10000) detected at line 448
 []


Overfull \hbox (336.25pt too wide) detected at line 448
[]
 []


Underfull \vbox (badness 10000) detected at line 448
 []


Overfull \hbox (336.25pt too wide) detected at line 448
[]
 []


Underfull \vbox (badness 10000) detected at line 448
 []


Overfull \hbox (336.25pt too wide) detected at line 448
[]
 []


Underfull \vbox (badness 10000) detected at line 448
 []


Overfull \hbox (336.25pt too wide) detected at line 448
[]
 []

Chapter 3.

Underfull \vbox (badness 6961) detected at line 512
 []


Underfull \hbox (badness 10000) has occurred while \output is active
 [][][][] 
 []

pdfTeX warning (ext4): destination with the same identifier (name{page.9}) has 
been already used, duplicate ignored
<to be read again> 
                   \relax 
l.512 \end{Shaded}
                   [9


]
Overfull \hbox (25.74895pt too wide) in paragraph at lines 523--523
[]\T1/lmtt/m/n/10 ##         Vc/F        Ka         k21     alpha        beta A
ddErrVar[] 
 []


Overfull \hbox (25.74895pt too wide) in paragraph at lines 523--523
[]\T1/lmtt/m/n/10 ## PE  43.63080  2.349584   0.6979441  2.346109   0.3973269 5
37.19125[] 
 []


Overfull \hbox (25.74895pt too wide) in paragraph at lines 523--523
[]\T1/lmtt/m/n/10 ## SE  40.60547  2.222099   0.9644243  2.221849   0.4937935 2
03.03693[] 
 []


Overfull \hbox (25.74895pt too wide) in paragraph at lines 523--523
[]\T1/lmtt/m/n/10 ## RSE 93.06606 94.574121 138.1807351 94.703582 124.2789064  
37.79602[] 
 []


Underfull \vbox (badness 10000) detected at line 556
 []

pdfTeX warning (ext4): destination with the same identifier (name{page.10}) has
 been already used, duplicate ignored
<to be read again> 
                   \relax 
l.556 \end{Shaded}
                   [10]
Overfull \hbox (57.24886pt too wide) in paragraph at lines 567--567
[]\T1/lmtt/m/n/10 ##          Vc/F        Ka          k21      alpha         be
ta        Tlag[] 
 []


Overfull \hbox (57.24886pt too wide) in paragraph at lines 567--567
[]\T1/lmtt/m/n/10 ## PE  88.530347 19.777685    0.0079704 0.73178583 2.021746e-
03 0.121649379[] 
 []


Overfull \hbox (57.24886pt too wide) in paragraph at lines 567--567
[]\T1/lmtt/m/n/10 ## SE   2.318778  3.774496    0.1245099 0.04591788 1.130516e-
01 0.008133633[] 
 []


Overfull \hbox (57.24886pt too wide) in paragraph at lines 567--567
[]\T1/lmtt/m/n/10 ## RSE  2.619190 19.084619 1562.1537739 6.27477041 5.591779e+
03 6.686127672[] 
 []

<"handout_files/figure-latex/""unnamed-chunk-14-1".pdf, id=173, 469.755pt x 325
.215pt>
File: "handout_files/figure-latex/""unnamed-chunk-14-1".pdf Graphic file (type 
pdf)
<use "handout_files/figure-latex/""unnamed-chunk-14-1".pdf>
Package pdftex.def Info: "handout_files/figure-latex/""unnamed-chunk-14-1".pdf 
 used on input line 583.
(pdftex.def)             Requested size: 336.49588pt x 232.95868pt.

Underfull \hbox (badness 2671) in paragraph at lines 586--588
[][]\T1/lmr/m/n/10 Bae, Kyun-Seop. 2018. \T1/lmr/m/it/10 Wnl: Min-i-miza-tion T
ool for Pharmacokinetic-
 []


Underfull \hbox (badness 1924) in paragraph at lines 586--588
\T1/lmr/m/it/10 Pharmacodynamic Data Anal-y-sis\T1/lmr/m/n/10 . [][]$https : / 
/ CRAN . R -[] project . org / package =
 []

[11]
Package atveryend Info: Empty hook `BeforeClearDocument' on input line 592.
[12 <./handout_files/figure-latex/unnamed-chunk-14-1.pdf>]
Package atveryend Info: Empty hook `AfterLastShipout' on input line 592.
(./handout.aux)
Package atveryend Info: Executing hook `AtVeryEndDocument' on input line 592.
Package atveryend Info: Empty hook `AtEndAfterFileList' on input line 592.
 ) 
Here is how much of TeX's memory you used:
 14071 strings out of 494111
 197384 string characters out of 6172446
 294311 words of memory out of 5000000
 17750 multiletter control sequences out of 15000+600000
 83790 words of font info for 133 fonts, out of 8000000 for 9000
 14 hyphenation exceptions out of 8191
 53i,7n,37p,806b,582s stack positions out of 5000i,500n,10000p,200000b,80000s
{c:/Users/cmc/AppData/Roaming/TinyTeX/texmf-dist/fonts/enc/dvips/lm/lm-ts1.en
c}{c:/Users/cmc/AppData/Roaming/TinyTeX/texmf-dist/fonts/enc/dvips/lm/lm-ec.enc
}<c:/Users/cmc/AppData/Roaming/TinyTeX/texmf-dist/fonts/type1/public/lm/lmbx10.
pfb><c:/Users/cmc/AppData/Roaming/TinyTeX/texmf-dist/fonts/type1/public/lm/lmbx
12.pfb><c:/Users/cmc/AppData/Roaming/TinyTeX/texmf-dist/fonts/type1/public/lm/l
mbxo10.pfb><c:/Users/cmc/AppData/Roaming/TinyTeX/texmf-dist/fonts/type1/public/
lm/lmr10.pfb><c:/Users/cmc/AppData/Roaming/TinyTeX/texmf-dist/fonts/type1/publi
c/lm/lmri10.pfb><c:/Users/cmc/AppData/Roaming/TinyTeX/texmf-dist/fonts/type1/pu
blic/lm/lmro17.pfb><c:/Users/cmc/AppData/Roaming/TinyTeX/texmf-dist/fonts/type1
/public/lm/lmtk10.pfb><c:/Users/cmc/AppData/Roaming/TinyTeX/texmf-dist/fonts/ty
pe1/public/lm/lmtt10.pfb><c:/Users/cmc/AppData/Roaming/TinyTeX/texmf-dist/fonts
/type1/public/lm/lmtti10.pfb><c:/Users/cmc/AppData/Roaming/TinyTeX/texmf-dist/f
onts/type1/uhc/umj/umj10.pfb><c:/Users/cmc/AppData/Roaming/TinyTeX/texmf-dist/f
onts/type1/uhc/umj/umj10.pfb><c:/Users/cmc/AppData/Roaming/TinyTeX/texmf-dist/f
onts/type1/uhc/umj/umj11.pfb><c:/Users/cmc/AppData/Roaming/TinyTeX/texmf-dist/f
onts/type1/uhc/umj/umj11.pfb><c:/Users/cmc/AppData/Roaming/TinyTeX/texmf-dist/f
onts/type1/uhc/umj/umj11.pfb><c:/Users/cmc/AppData/Roaming/TinyTeX/texmf-dist/f
onts/type1/uhc/umj/umj12.pfb><c:/Users/cmc/AppData/Roaming/TinyTeX/texmf-dist/f
onts/type1/uhc/umj/umj12.pfb><c:/Users/cmc/AppData/Roaming/TinyTeX/texmf-dist/f
onts/type1/uhc/umj/umj12.pfb><c:/Users/cmc/AppData/Roaming/TinyTeX/texmf-dist/f
onts/type1/uhc/umj/umj13.pfb><c:/Users/cmc/AppData/Roaming/TinyTeX/texmf-dist/f
onts/type1/uhc/umj/umj13.pfb><c:/Users/cmc/AppData/Roaming/TinyTeX/texmf-dist/f
onts/type1/uhc/umj/umj13.pfb><c:/Users/cmc/AppData/Roaming/TinyTeX/texmf-dist/f
onts/type1/uhc/umj/umj14.pfb><c:/Users/cmc/AppData/Roaming/TinyTeX/texmf-dist/f
onts/type1/uhc/umj/umj14.pfb><c:/Users/cmc/AppData/Roaming/TinyTeX/texmf-dist/f
onts/type1/uhc/umj/umj15.pfb><c:/Users/cmc/AppData/Roaming/TinyTeX/texmf-dist/f
onts/type1/uhc/umj/umj15.pfb><c:/Users/cmc/AppData/Roaming/TinyTeX/texmf-dist/f
onts/type1/uhc/umj/umj16.pfb><c:/Users/cmc/AppData/Roaming/TinyTeX/texmf-dist/f
onts/type1/uhc/umj/umj17.pfb>
Output written on handout.pdf (22 pages, 419741 bytes).
PDF statistics:
 357 PDF objects out of 1000 (max. 8388607)
 267 compressed objects within 3 object streams
 42 named destinations out of 1000 (max. 500000)
 138 words of extra memory for PDF output out of 10000 (max. 10000000)

